2025-03-10 20:24:00,108 - werkzeug - INFO - [31m[1mWARNING: This is a development server. Do not use it in a production deployment. Use a production WSGI server instead.[0m
 * Running on all addresses (0.0.0.0)
 * Running on http://127.0.0.1:8001
 * Running on http://192.168.1.3:8001
2025-03-10 20:24:00,108 - werkzeug - INFO - [33mPress CTRL+C to quit[0m
2025-03-10 20:24:00,110 - werkzeug - INFO -  * Restarting with stat
2025-03-10 20:24:00,777 - werkzeug - WARNING -  * Debugger is active!
2025-03-10 20:24:00,782 - werkzeug - INFO -  * Debugger PIN: 861-806-681
2025-03-10 20:24:42,785 - werkzeug - INFO -  * Detected change in 'C:\\xampp\\htdocs\\laravel\\ventas_completa\\scripts\\alegra_simple.py', reloading
2025-03-10 20:24:42,924 - werkzeug - INFO -  * Restarting with stat
2025-03-10 20:24:43,793 - werkzeug - WARNING -  * Debugger is active!
2025-03-10 20:24:43,800 - werkzeug - INFO -  * Debugger PIN: 861-806-681
2025-03-10 20:25:07,818 - werkzeug - INFO - [31m[1mWARNING: This is a development server. Do not use it in a production deployment. Use a production WSGI server instead.[0m
 * Running on all addresses (0.0.0.0)
 * Running on http://127.0.0.1:8001
 * Running on http://192.168.1.3:8001
2025-03-10 20:25:07,819 - werkzeug - INFO - [33mPress CTRL+C to quit[0m
2025-03-10 20:25:07,820 - werkzeug - INFO -  * Restarting with stat
2025-03-10 20:25:08,407 - werkzeug - WARNING -  * Debugger is active!
2025-03-10 20:25:08,411 - werkzeug - INFO -  * Debugger PIN: 861-806-681
2025-03-10 20:25:39,205 - werkzeug - INFO -  * Detected change in 'C:\\xampp\\htdocs\\laravel\\ventas_completa\\scripts\\alegra_simple.py', reloading
2025-03-10 20:25:39,225 - werkzeug - INFO -  * Detected change in 'C:\\xampp\\htdocs\\laravel\\ventas_completa\\scripts\\alegra_simple.py', reloading
2025-03-10 20:25:39,392 - werkzeug - INFO -  * Restarting with stat
2025-03-10 20:25:39,425 - werkzeug - INFO -  * Restarting with stat
2025-03-10 20:25:40,262 - werkzeug - WARNING -  * Debugger is active!
2025-03-10 20:25:40,263 - werkzeug - WARNING -  * Debugger is active!
2025-03-10 20:25:40,269 - werkzeug - INFO -  * Debugger PIN: 861-806-681
2025-03-10 20:26:17,014 - werkzeug - INFO - [31m[1mWARNING: This is a development server. Do not use it in a production deployment. Use a production WSGI server instead.[0m
 * Running on all addresses (0.0.0.0)
 * Running on http://127.0.0.1:8001
 * Running on http://192.168.1.3:8001
2025-03-10 20:26:17,014 - werkzeug - INFO - [33mPress CTRL+C to quit[0m
2025-03-10 20:26:17,015 - werkzeug - INFO -  * Restarting with stat
2025-03-10 20:26:17,597 - werkzeug - WARNING -  * Debugger is active!
2025-03-10 20:26:17,602 - werkzeug - INFO -  * Debugger PIN: 861-806-681
2025-03-10 20:27:21,721 - werkzeug - INFO -  * Detected change in 'C:\\xampp\\htdocs\\laravel\\ventas_completa\\scripts\\alegra_simple.py', reloading
2025-03-10 20:27:21,747 - werkzeug - INFO -  * Detected change in 'C:\\xampp\\htdocs\\laravel\\ventas_completa\\scripts\\alegra_simple.py', reloading
2025-03-10 20:27:21,903 - werkzeug - INFO -  * Restarting with stat
2025-03-10 20:27:21,938 - werkzeug - INFO -  * Restarting with stat
2025-03-10 20:27:22,143 - werkzeug - INFO -  * Detected change in 'C:\\xampp\\htdocs\\laravel\\ventas_completa\\scripts\\alegra_simple.py', reloading
2025-03-10 20:27:22,368 - werkzeug - INFO -  * Restarting with stat
2025-03-10 20:27:22,774 - werkzeug - WARNING -  * Debugger is active!
2025-03-10 20:27:22,781 - werkzeug - INFO -  * Debugger PIN: 861-806-681
2025-03-10 20:27:22,837 - werkzeug - WARNING -  * Debugger is active!
2025-03-10 20:27:22,843 - werkzeug - INFO -  * Debugger PIN: 861-806-681
2025-03-10 20:27:23,116 - werkzeug - WARNING -  * Debugger is active!
2025-03-10 20:27:23,120 - werkzeug - INFO -  * Debugger PIN: 861-806-681
2025-03-10 20:28:02,090 - werkzeug - INFO - [31m[1mWARNING: This is a development server. Do not use it in a production deployment. Use a production WSGI server instead.[0m
 * Running on all addresses (0.0.0.0)
 * Running on http://127.0.0.1:8001
 * Running on http://192.168.1.3:8001
2025-03-10 20:28:02,090 - werkzeug - INFO - [33mPress CTRL+C to quit[0m
2025-03-10 20:28:02,093 - werkzeug - INFO -  * Restarting with stat
2025-03-10 20:28:02,686 - werkzeug - WARNING -  * Debugger is active!
2025-03-10 20:28:02,690 - werkzeug - INFO -  * Debugger PIN: 861-806-681
2025-03-10 20:28:43,979 - werkzeug - INFO -  * Detected change in 'C:\\xampp\\htdocs\\laravel\\ventas_completa\\scripts\\alegra_simple.py', reloading
2025-03-10 20:28:44,152 - werkzeug - INFO -  * Restarting with stat
2025-03-10 20:28:44,745 - werkzeug - INFO -  * Detected change in 'C:\\xampp\\htdocs\\laravel\\ventas_completa\\scripts\\alegra_simple.py', reloading
2025-03-10 20:28:44,783 - werkzeug - INFO -  * Detected change in 'C:\\xampp\\htdocs\\laravel\\ventas_completa\\scripts\\alegra_simple.py', reloading
2025-03-10 20:28:44,799 - werkzeug - INFO -  * Detected change in 'C:\\xampp\\htdocs\\laravel\\ventas_completa\\scripts\\alegra_simple.py', reloading
2025-03-10 20:28:45,000 - werkzeug - INFO -  * Restarting with stat
2025-03-10 20:28:45,019 - werkzeug - INFO -  * Restarting with stat
2025-03-10 20:28:45,028 - werkzeug - WARNING -  * Debugger is active!
2025-03-10 20:28:45,038 - werkzeug - INFO -  * Debugger PIN: 861-806-681
2025-03-10 20:28:45,044 - werkzeug - INFO -  * Restarting with stat
2025-03-10 20:28:45,783 - werkzeug - WARNING -  * Debugger is active!
2025-03-10 20:28:45,785 - werkzeug - WARNING -  * Debugger is active!
2025-03-10 20:28:45,792 - werkzeug - INFO -  * Debugger PIN: 861-806-681
2025-03-10 20:28:45,794 - werkzeug - INFO -  * Debugger PIN: 861-806-681
2025-03-10 20:28:45,803 - werkzeug - WARNING -  * Debugger is active!
2025-03-10 20:28:45,810 - werkzeug - INFO -  * Debugger PIN: 861-806-681
2025-03-10 20:32:16,879 - werkzeug - INFO -  * Detected change in 'C:\\xampp\\htdocs\\laravel\\ventas_completa\\scripts\\alegra_integration.py', reloading
2025-03-10 20:32:16,921 - werkzeug - INFO -  * Detected change in 'C:\\xampp\\htdocs\\laravel\\ventas_completa\\scripts\\alegra_integration.py', reloading
2025-03-10 20:32:16,968 - werkzeug - INFO -  * Restarting with stat
2025-03-10 20:32:17,041 - werkzeug - INFO -  * Restarting with stat
2025-03-10 20:32:17,215 - werkzeug - INFO -  * Detected change in 'C:\\xampp\\htdocs\\laravel\\ventas_completa\\scripts\\alegra_integration.py', reloading
2025-03-10 20:32:17,266 - werkzeug - INFO -  * Detected change in 'C:\\xampp\\htdocs\\laravel\\ventas_completa\\scripts\\alegra_integration.py', reloading
2025-03-10 20:32:17,469 - werkzeug - INFO -  * Restarting with stat
2025-03-10 20:32:17,505 - werkzeug - INFO -  * Restarting with stat
2025-03-10 20:32:17,890 - werkzeug - WARNING -  * Debugger is active!
2025-03-10 20:32:17,897 - werkzeug - INFO -  * Debugger PIN: 861-806-681
2025-03-10 20:32:18,013 - werkzeug - WARNING -  * Debugger is active!
2025-03-10 20:32:18,022 - werkzeug - INFO -  * Debugger PIN: 861-806-681
2025-03-10 20:32:18,390 - werkzeug - WARNING -  * Debugger is active!
2025-03-10 20:32:18,398 - werkzeug - INFO -  * Debugger PIN: 861-806-681
2025-03-10 20:32:18,474 - werkzeug - WARNING -  * Debugger is active!
2025-03-10 20:32:18,483 - werkzeug - INFO -  * Debugger PIN: 861-806-681
2025-03-10 20:43:43,677 - werkzeug - INFO -  * Detected change in 'C:\\xampp\\htdocs\\laravel\\ventas_completa\\scripts\\alegra_service.py', reloading
2025-03-10 20:43:43,797 - werkzeug - INFO -  * Detected change in 'C:\\xampp\\htdocs\\laravel\\ventas_completa\\scripts\\alegra_service.py', reloading
2025-03-10 20:43:43,818 - werkzeug - INFO -  * Restarting with stat
2025-03-10 20:43:43,929 - werkzeug - INFO -  * Detected change in 'C:\\xampp\\htdocs\\laravel\\ventas_completa\\scripts\\alegra_service.py', reloading
2025-03-10 20:43:43,999 - werkzeug - INFO -  * Restarting with stat
2025-03-10 20:43:44,146 - werkzeug - INFO -  * Restarting with stat
2025-03-10 20:43:44,522 - werkzeug - INFO -  * Detected change in 'C:\\xampp\\htdocs\\laravel\\ventas_completa\\scripts\\alegra_service.py', reloading
2025-03-10 20:43:44,768 - werkzeug - INFO -  * Restarting with stat
2025-03-10 20:43:44,826 - werkzeug - WARNING -  * Debugger is active!
2025-03-10 20:43:44,833 - werkzeug - INFO -  * Debugger PIN: 861-806-681
2025-03-10 20:43:45,034 - werkzeug - WARNING -  * Debugger is active!
2025-03-10 20:43:45,042 - werkzeug - INFO -  * Debugger PIN: 861-806-681
2025-03-10 20:43:45,108 - werkzeug - WARNING -  * Debugger is active!
2025-03-10 20:43:45,118 - werkzeug - INFO -  * Debugger PIN: 861-806-681
2025-03-10 20:43:45,679 - werkzeug - WARNING -  * Debugger is active!
2025-03-10 20:43:45,685 - werkzeug - INFO -  * Debugger PIN: 861-806-681
2025-03-10 20:46:05,284 - werkzeug - INFO -  * Detected change in 'C:\\xampp\\htdocs\\laravel\\ventas_completa\\scripts\\alegra_service.py', reloading
2025-03-10 20:46:05,288 - werkzeug - INFO -  * Detected change in 'C:\\xampp\\htdocs\\laravel\\ventas_completa\\scripts\\alegra_service.py', reloading
2025-03-10 20:46:05,395 - werkzeug - INFO -  * Detected change in 'C:\\xampp\\htdocs\\laravel\\ventas_completa\\scripts\\alegra_service.py', reloading
2025-03-10 20:46:05,464 - werkzeug - INFO -  * Restarting with stat
2025-03-10 20:46:05,470 - werkzeug - INFO -  * Restarting with stat
2025-03-10 20:46:05,596 - werkzeug - INFO -  * Detected change in 'C:\\xampp\\htdocs\\laravel\\ventas_completa\\scripts\\alegra_service.py', reloading
2025-03-10 20:46:05,613 - werkzeug - INFO -  * Restarting with stat
2025-03-10 20:46:05,876 - werkzeug - INFO -  * Restarting with stat
2025-03-10 20:46:06,551 - werkzeug - WARNING -  * Debugger is active!
2025-03-10 20:46:06,559 - werkzeug - INFO -  * Debugger PIN: 861-806-681
2025-03-10 20:46:06,673 - werkzeug - WARNING -  * Debugger is active!
2025-03-10 20:46:06,681 - werkzeug - INFO -  * Debugger PIN: 861-806-681
2025-03-10 20:46:06,809 - werkzeug - WARNING -  * Debugger is active!
2025-03-10 20:46:06,818 - werkzeug - INFO -  * Debugger PIN: 861-806-681
2025-03-10 20:46:07,164 - werkzeug - WARNING -  * Debugger is active!
2025-03-10 20:46:07,183 - werkzeug - INFO -  * Debugger PIN: 861-806-681
2025-03-10 20:46:59,513 - werkzeug - INFO -  * Detected change in 'C:\\xampp\\htdocs\\laravel\\ventas_completa\\scripts\\test_invoice_creation.py', reloading
2025-03-10 20:46:59,597 - werkzeug - INFO -  * Restarting with stat
2025-03-10 20:47:00,044 - werkzeug - INFO -  * Detected change in 'C:\\xampp\\htdocs\\laravel\\ventas_completa\\scripts\\test_invoice_creation.py', reloading
2025-03-10 20:47:00,298 - werkzeug - INFO -  * Detected change in 'C:\\xampp\\htdocs\\laravel\\ventas_completa\\scripts\\test_invoice_creation.py', reloading
2025-03-10 20:47:00,308 - werkzeug - INFO -  * Restarting with stat
2025-03-10 20:47:00,343 - werkzeug - INFO -  * Detected change in 'C:\\xampp\\htdocs\\laravel\\ventas_completa\\scripts\\test_invoice_creation.py', reloading
2025-03-10 20:47:00,558 - werkzeug - INFO -  * Restarting with stat
2025-03-10 20:47:00,654 - werkzeug - INFO -  * Restarting with stat
2025-03-10 20:47:01,264 - werkzeug - WARNING -  * Debugger is active!
2025-03-10 20:47:01,271 - werkzeug - INFO -  * Debugger PIN: 861-806-681
2025-03-10 20:47:01,691 - werkzeug - WARNING -  * Debugger is active!
2025-03-10 20:47:01,699 - werkzeug - INFO -  * Debugger PIN: 861-806-681
2025-03-10 20:47:01,777 - werkzeug - WARNING -  * Debugger is active!
2025-03-10 20:47:01,785 - werkzeug - INFO -  * Debugger PIN: 861-806-681
2025-03-10 20:47:02,179 - werkzeug - WARNING -  * Debugger is active!
2025-03-10 20:47:02,183 - werkzeug - INFO -  * Debugger PIN: 861-806-681
2025-03-10 21:22:42,498 - werkzeug - INFO -  * Detected change in 'C:\\xampp\\htdocs\\laravel\\ventas_completa\\scripts\\test_direct_integration.py', reloading
2025-03-10 21:22:42,701 - werkzeug - INFO -  * Restarting with stat
2025-03-10 21:22:42,751 - werkzeug - INFO -  * Detected change in 'C:\\xampp\\htdocs\\laravel\\ventas_completa\\scripts\\test_direct_integration.py', reloading
2025-03-10 21:22:42,825 - werkzeug - INFO -  * Detected change in 'C:\\xampp\\htdocs\\laravel\\ventas_completa\\scripts\\test_direct_integration.py', reloading
2025-03-10 21:22:43,095 - werkzeug - INFO -  * Restarting with stat
2025-03-10 21:22:43,103 - werkzeug - INFO -  * Restarting with stat
2025-03-10 21:22:43,298 - werkzeug - INFO -  * Detected change in 'C:\\xampp\\htdocs\\laravel\\ventas_completa\\scripts\\test_direct_integration.py', reloading
2025-03-10 21:22:44,063 - werkzeug - WARNING -  * Debugger is active!
2025-03-10 21:22:44,087 - werkzeug - INFO -  * Restarting with stat
2025-03-10 21:22:44,095 - werkzeug - INFO -  * Debugger PIN: 861-806-681
2025-03-10 21:22:44,697 - werkzeug - WARNING -  * Debugger is active!
2025-03-10 21:22:44,704 - werkzeug - INFO -  * Debugger PIN: 861-806-681
2025-03-10 21:22:45,220 - werkzeug - WARNING -  * Debugger is active!
2025-03-10 21:22:45,227 - werkzeug - INFO -  * Debugger PIN: 861-806-681
2025-03-10 21:22:45,315 - werkzeug - WARNING -  * Debugger is active!
2025-03-10 21:22:45,323 - werkzeug - INFO -  * Debugger PIN: 861-806-681
2025-03-10 21:23:26,407 - werkzeug - INFO -  * Detected change in 'C:\\xampp\\htdocs\\laravel\\ventas_completa\\scripts\\test_direct_integration.py', reloading
2025-03-10 21:23:26,429 - werkzeug - INFO -  * Detected change in 'C:\\xampp\\htdocs\\laravel\\ventas_completa\\scripts\\test_direct_integration.py', reloading
2025-03-10 21:23:26,492 - werkzeug - INFO -  * Detected change in 'C:\\xampp\\htdocs\\laravel\\ventas_completa\\scripts\\test_direct_integration.py', reloading
2025-03-10 21:23:26,627 - werkzeug - INFO -  * Restarting with stat
2025-03-10 21:23:26,663 - werkzeug - INFO -  * Restarting with stat
2025-03-10 21:23:26,770 - werkzeug - INFO -  * Restarting with stat
2025-03-10 21:23:26,930 - werkzeug - INFO -  * Detected change in 'C:\\xampp\\htdocs\\laravel\\ventas_completa\\scripts\\test_direct_integration.py', reloading
2025-03-10 21:23:27,189 - werkzeug - INFO -  * Restarting with stat
2025-03-10 21:23:27,782 - werkzeug - WARNING -  * Debugger is active!
2025-03-10 21:23:27,789 - werkzeug - INFO -  * Debugger PIN: 861-806-681
2025-03-10 21:23:27,945 - werkzeug - WARNING -  * Debugger is active!
2025-03-10 21:23:27,953 - werkzeug - INFO -  * Debugger PIN: 861-806-681
2025-03-10 21:23:28,111 - werkzeug - WARNING -  * Debugger is active!
2025-03-10 21:23:28,118 - werkzeug - INFO -  * Debugger PIN: 861-806-681
2025-03-10 21:23:28,336 - werkzeug - WARNING -  * Debugger is active!
2025-03-10 21:23:28,344 - werkzeug - INFO -  * Debugger PIN: 861-806-681
2025-03-10 21:24:00,908 - werkzeug - INFO -  * Detected change in 'C:\\xampp\\htdocs\\laravel\\ventas_completa\\scripts\\test_direct_integration.py', reloading
2025-03-10 21:24:00,959 - werkzeug - INFO -  * Detected change in 'C:\\xampp\\htdocs\\laravel\\ventas_completa\\scripts\\test_direct_integration.py', reloading
2025-03-10 21:24:01,176 - werkzeug - INFO -  * Restarting with stat
2025-03-10 21:24:01,222 - werkzeug - INFO -  * Detected change in 'C:\\xampp\\htdocs\\laravel\\ventas_completa\\scripts\\test_direct_integration.py', reloading
2025-03-10 21:24:01,248 - werkzeug - INFO -  * Restarting with stat
2025-03-10 21:24:01,321 - werkzeug - INFO -  * Detected change in 'C:\\xampp\\htdocs\\laravel\\ventas_completa\\scripts\\test_direct_integration.py', reloading
2025-03-10 21:24:01,579 - werkzeug - INFO -  * Restarting with stat
2025-03-10 21:24:01,587 - werkzeug - INFO -  * Restarting with stat
2025-03-10 21:24:02,518 - werkzeug - WARNING -  * Debugger is active!
2025-03-10 21:24:02,540 - werkzeug - INFO -  * Debugger PIN: 861-806-681
2025-03-10 21:24:02,983 - werkzeug - WARNING -  * Debugger is active!
2025-03-10 21:24:03,002 - werkzeug - INFO -  * Debugger PIN: 861-806-681
2025-03-10 21:24:03,087 - werkzeug - WARNING -  * Debugger is active!
2025-03-10 21:24:03,095 - werkzeug - INFO -  * Debugger PIN: 861-806-681
2025-03-10 21:24:03,201 - werkzeug - WARNING -  * Debugger is active!
2025-03-10 21:24:03,210 - werkzeug - INFO -  * Debugger PIN: 861-806-681
2025-03-10 21:30:50,998 - werkzeug - INFO -  * Detected change in 'C:\\xampp\\htdocs\\laravel\\ventas_completa\\scripts\\temp_alegra_script.py', reloading
2025-03-10 21:30:51,220 - werkzeug - INFO -  * Restarting with stat
2025-03-10 21:30:51,240 - werkzeug - INFO -  * Detected change in 'C:\\xampp\\htdocs\\laravel\\ventas_completa\\scripts\\temp_alegra_script.py', reloading
2025-03-10 21:30:51,391 - werkzeug - INFO -  * Detected change in 'C:\\xampp\\htdocs\\laravel\\ventas_completa\\scripts\\temp_alegra_script.py', reloading
2025-03-10 21:30:51,618 - werkzeug - INFO -  * Restarting with stat
2025-03-10 21:30:51,671 - werkzeug - INFO -  * Detected change in 'C:\\xampp\\htdocs\\laravel\\ventas_completa\\scripts\\temp_alegra_script.py', reloading
2025-03-10 21:30:51,688 - werkzeug - INFO -  * Restarting with stat
2025-03-10 21:30:52,012 - werkzeug - INFO -  * Restarting with stat
2025-03-10 21:30:53,159 - werkzeug - WARNING -  * Debugger is active!
2025-03-10 21:30:53,165 - werkzeug - INFO -  * Debugger PIN: 861-806-681
2025-03-10 21:30:53,432 - werkzeug - WARNING -  * Debugger is active!
2025-03-10 21:30:53,439 - werkzeug - INFO -  * Debugger PIN: 861-806-681
2025-03-10 21:30:53,551 - werkzeug - WARNING -  * Debugger is active!
2025-03-10 21:30:53,558 - werkzeug - INFO -  * Debugger PIN: 861-806-681
2025-03-10 21:30:53,677 - werkzeug - WARNING -  * Debugger is active!
2025-03-10 21:30:53,683 - werkzeug - INFO -  * Debugger PIN: 861-806-681
2025-03-10 21:31:35,547 - werkzeug - INFO -  * Detected change in 'C:\\xampp\\htdocs\\laravel\\ventas_completa\\scripts\\temp_alegra_script.py', reloading
2025-03-10 21:31:35,637 - werkzeug - INFO -  * Detected change in 'C:\\xampp\\htdocs\\laravel\\ventas_completa\\scripts\\temp_alegra_script.py', reloading
2025-03-10 21:31:35,650 - werkzeug - INFO -  * Detected change in 'C:\\xampp\\htdocs\\laravel\\ventas_completa\\scripts\\temp_alegra_script.py', reloading
2025-03-10 21:31:35,787 - werkzeug - INFO -  * Detected change in 'C:\\xampp\\htdocs\\laravel\\ventas_completa\\scripts\\temp_alegra_script.py', reloading
2025-03-10 21:31:35,808 - werkzeug - INFO -  * Restarting with stat
2025-03-10 21:31:35,999 - werkzeug - INFO -  * Restarting with stat
2025-03-10 21:31:36,011 - werkzeug - INFO -  * Restarting with stat
2025-03-10 21:31:36,151 - werkzeug - INFO -  * Restarting with stat
2025-03-10 21:31:37,534 - werkzeug - WARNING -  * Debugger is active!
2025-03-10 21:31:37,544 - werkzeug - INFO -  * Debugger PIN: 861-806-681
2025-03-10 21:31:37,571 - werkzeug - WARNING -  * Debugger is active!
2025-03-10 21:31:37,583 - werkzeug - INFO -  * Debugger PIN: 861-806-681
2025-03-10 21:31:38,030 - werkzeug - WARNING -  * Debugger is active!
2025-03-10 21:31:38,038 - werkzeug - INFO -  * Debugger PIN: 861-806-681
2025-03-10 21:31:38,063 - werkzeug - WARNING -  * Debugger is active!
2025-03-10 21:31:38,072 - werkzeug - INFO -  * Debugger PIN: 861-806-681
